<?xml version="1.0" encoding="UTF-8"?>
<!-- Generated by org.testng.reporters.JUnitXMLReporter -->
<testsuite hostname="Mohit" name="Listeners" tests="7" failures="0" timestamp="30 Mar 2020 10:30:00 GMT" time="26.932" errors="0">
  <testcase name="getFail" time="0.01" classname="Test.Listner.TestDemo"/>
  <testcase name="getTitle" time="11.262" classname="Test.Listner.TestDemo"/>
  <testcase name="getSkip" time="0.001" classname="Test.Listner.TestDemo"/>
  <testcase name="verify_LaunchWebsite" time="11.041" classname="Test.Listner.TestDemmo1"/>
  <testcase name="verify_Login" time="4.59" classname="Test.Listner.TestDemmo1"/>
  <testcase name="verify_getFailed" time="0.001" classname="Test.Listner.TestDemmo1"/>
  <testcase name="verify_getSkip" time="0.001" classname="Test.Listner.TestDemmo1"/>
</testsuite> <!-- Listeners -->
